#-----------------------------------------------------------
# Vivado v2019.2 (64-bit)
# SW Build 2708876 on Wed Nov  6 21:40:23 MST 2019
# IP Build 2700528 on Thu Nov  7 00:09:20 MST 2019
# Start of session at: Mon Mar 16 18:22:08 2020
# Process ID: 14100
# Current directory: D:/Verilog/Lab_01_bigger
# Command line: vivado.exe -gui_launcher_event rodinguilauncherevent6880 D:\Verilog\Lab_01_bigger\Lab_01_bigger.xpr
# Log file: D:/Verilog/Lab_01_bigger/vivado.log
# Journal file: D:/Verilog/Lab_01_bigger\vivado.jou
#-----------------------------------------------------------
start_gui
open_project D:/Verilog/Lab_01_bigger/Lab_01_bigger.xpr
Scanning sources...
Finished scanning sources
INFO: [IP_Flow 19-234] Refreshing IP repositories
INFO: [IP_Flow 19-1704] No user IP repositories specified
INFO: [IP_Flow 19-2313] Loaded Vivado IP repository 'C:/Xilinx/Vivado/2019.2/data/ip'.
open_project: Time (s): cpu = 00:00:21 ; elapsed = 00:00:15 . Memory (MB): peak = 843.617 ; gain = 230.234
update_compile_order -fileset sources_1
launch_simulation
Command: launch_simulation 
INFO: [Vivado 12-5682] Launching behavioral simulation in 'D:/Verilog/Lab_01_bigger/Lab_01_bigger.sim/sim_1/behav/xsim'
INFO: [SIM-utils-51] Simulation object is 'sim_1'
INFO: [SIM-utils-54] Inspecting design source files for 'bigger_test' in fileset 'sim_1'...
INFO: [USF-XSim-97] Finding global include files...
INFO: [USF-XSim-98] Fetching design files from 'sim_1'...
INFO: [USF-XSim-2] XSim::Compile design
INFO: [USF-XSim-61] Executing 'COMPILE and ANALYZE' step in 'D:/Verilog/Lab_01_bigger/Lab_01_bigger.sim/sim_1/behav/xsim'
"xvlog --incr --relax -prj bigger_test_vlog.prj"
INFO: [USF-XSim-69] 'compile' step finished in '3' seconds
INFO: [USF-XSim-3] XSim::Elaborate design
INFO: [USF-XSim-61] Executing 'ELABORATE' step in 'D:/Verilog/Lab_01_bigger/Lab_01_bigger.sim/sim_1/behav/xsim'
"xelab -wto b7063c206a7a4d9e9d181fcee59c88fd --incr --debug typical --relax --mt 2 -L xil_defaultlib -L unisims_ver -L unimacro_ver -L secureip --snapshot bigger_test_behav xil_defaultlib.bigger_test xil_defaultlib.glbl -log elaborate.log"
Vivado Simulator 2019.2
Copyright 1986-1999, 2001-2019 Xilinx, Inc. All Rights Reserved.
Running: C:/Xilinx/Vivado/2019.2/bin/unwrapped/win64.o/xelab.exe -wto b7063c206a7a4d9e9d181fcee59c88fd --incr --debug typical --relax --mt 2 -L xil_defaultlib -L unisims_ver -L unimacro_ver -L secureip --snapshot bigger_test_behav xil_defaultlib.bigger_test xil_defaultlib.glbl -log elaborate.log 
Using 2 slave threads.
Starting static elaboration
Pass Through NonSizing Optimizer
Completed static elaboration
INFO: [XSIM 43-4323] No Change in HDL. Linking previously generated obj files to create kernel
INFO: [USF-XSim-69] 'elaborate' step finished in '4' seconds
INFO: [USF-XSim-4] XSim::Simulate design
INFO: [USF-XSim-61] Executing 'SIMULATE' step in 'D:/Verilog/Lab_01_bigger/Lab_01_bigger.sim/sim_1/behav/xsim'
INFO: [USF-XSim-98] *** Running xsim
   with args "bigger_test_behav -key {Behavioral:sim_1:Functional:bigger_test} -tclbatch {bigger_test.tcl} -log {simulate.log}"
INFO: [USF-XSim-8] Loading simulator feature
Vivado Simulator 2019.2
Time resolution is 1 ps
source bigger_test.tcl
# set curr_wave [current_wave_config]
# if { [string length $curr_wave] == 0 } {
#   if { [llength [get_objects]] > 0} {
#     add_wave /
#     set_property needs_save false [current_wave_config]
#   } else {
#      send_msg_id Add_Wave-1 WARNING "No top level signals found. Simulator will start without a wave window. If you want to open a wave window go to 'File->New Waveform Configuration' or type 'create_wave_config' in the TCL console."
#   }
# }
# run 1000ns
xsim: Time (s): cpu = 00:00:16 ; elapsed = 00:00:11 . Memory (MB): peak = 893.977 ; gain = 8.027
INFO: [USF-XSim-96] XSim completed. Design snapshot 'bigger_test_behav' loaded.
INFO: [USF-XSim-97] XSim simulation ran for 1000ns
launch_simulation: Time (s): cpu = 00:00:21 ; elapsed = 00:00:19 . Memory (MB): peak = 893.977 ; gain = 8.027
close_sim
INFO: [Simtcl 6-16] Simulation closed
close_sim: Time (s): cpu = 00:00:03 ; elapsed = 00:00:09 . Memory (MB): peak = 930.059 ; gain = 0.000
exit
INFO: [Common 17-206] Exiting Vivado at Mon Mar 16 18:29:58 2020...
